# JRE version: Java(TM) SE Runtime Environment (8.0_131-b11) (build 1.8.0_131-b11)
# Java VM: Java HotSpot(TM) 64-Bit Server VM (25.131-b11 mixed mode windows-amd64 compressed oops)
Heap:
 PSYoungGen      total 138752K, used 98385K [0x000000076b400000, 0x0000000779a00000, 0x00000007c0000000)
  eden space 128000K, 76% used [0x000000076b400000,0x00000007714147f0,0x0000000773100000)
  from space 10752K, 0% used [0x0000000773100000,0x0000000773100000,0x0000000773b80000)
  to   space 13824K, 0% used [0x0000000778c80000,0x0000000778c80000,0x0000000779a00000)
 ParOldGen       total 111616K, used 18391K [0x00000006c1c00000, 0x00000006c8900000, 0x000000076b400000)
  object space 111616K, 16% used [0x00000006c1c00000,0x00000006c2df5c50,0x00000006c8900000)
 Metaspace       used 39023K, capacity 39582K, committed 39896K, reserved 1083392K
  class space    used 4836K, capacity 4987K, committed 5080K, reserved 1048576K
GC Heap History (10 events):
Event: 6.866 GC heap before
{Heap before GC invocations=3 (full 0):
 PSYoungGen      total 76288K, used 19158K [0x000000076b400000, 0x0000000774900000, 0x00000007c0000000)
  eden space 65536K, 12% used [0x000000076b400000,0x000000076bc41700,0x000000076f400000)
  from space 10752K, 99% used [0x000000076fe80000,0x00000007708f42b0,0x0000000770900000)
  to   space 10752K, 0% used [0x000000076f400000,0x000000076f400000,0x000000076fe80000)
 ParOldGen       total 175104K, used 16K [0x00000006c1c00000, 0x00000006cc700000, 0x000000076b400000)
  object space 175104K, 0% used [0x00000006c1c00000,0x00000006c1c04000,0x00000006cc700000)
 Metaspace       used 20906K, capacity 21140K, committed 21248K, reserved 1067008K
  class space    used 2654K, capacity 2745K, committed 2816K, reserved 1048576K
Event: 6.876 GC heap after
Heap after GC invocations=3 (full 0):
 PSYoungGen      total 76288K, used 7098K [0x000000076b400000, 0x0000000774900000, 0x00000007c0000000)
  eden space 65536K, 0% used [0x000000076b400000,0x000000076b400000,0x000000076f400000)
  from space 10752K, 66% used [0x000000076f400000,0x000000076faee9c0,0x000000076fe80000)
  to   space 10752K, 0% used [0x0000000773e80000,0x0000000773e80000,0x0000000774900000)
 ParOldGen       total 175104K, used 24K [0x00000006c1c00000, 0x00000006cc700000, 0x000000076b400000)
  object space 175104K, 0% used [0x00000006c1c00000,0x00000006c1c06000,0x00000006cc700000)
 Metaspace       used 20906K, capacity 21140K, committed 21248K, reserved 1067008K
  class space    used 2654K, capacity 2745K, committed 2816K, reserved 1048576K
}
Event: 6.876 GC heap before
{Heap before GC invocations=4 (full 1):
 PSYoungGen      total 76288K, used 7098K [0x000000076b400000, 0x0000000774900000, 0x00000007c0000000)
  eden space 65536K, 0% used [0x000000076b400000,0x000000076b400000,0x000000076f400000)
  from space 10752K, 66% used [0x000000076f400000,0x000000076faee9c0,0x000000076fe80000)
  to   space 10752K, 0% used [0x0000000773e80000,0x0000000773e80000,0x0000000774900000)
 ParOldGen       total 175104K, used 24K [0x00000006c1c00000, 0x00000006cc700000, 0x000000076b400000)
  object space 175104K, 0% used [0x00000006c1c00000,0x00000006c1c06000,0x00000006cc700000)
 Metaspace       used 20906K, capacity 21140K, committed 21248K, reserved 1067008K
  class space    used 2654K, capacity 2745K, committed 2816K, reserved 1048576K
Event: 6.958 GC heap after
Heap after GC invocations=4 (full 1):
 PSYoungGen      total 76288K, used 0K [0x000000076b400000, 0x0000000774900000, 0x00000007c0000000)
  eden space 65536K, 0% used [0x000000076b400000,0x000000076b400000,0x000000076f400000)
  from space 10752K, 0% used [0x000000076f400000,0x000000076f400000,0x000000076fe80000)
  to   space 10752K, 0% used [0x0000000773e80000,0x0000000773e80000,0x0000000774900000)
 ParOldGen       total 86528K, used 6939K [0x00000006c1c00000, 0x00000006c7080000, 0x000000076b400000)
  object space 86528K, 8% used [0x00000006c1c00000,0x00000006c22c6e90,0x00000006c7080000)
 Metaspace       used 20906K, capacity 21140K, committed 21248K, reserved 1067008K
  class space    used 2654K, capacity 2745K, committed 2816K, reserved 1048576K
}
Event: 8.641 GC heap before
{Heap before GC invocations=5 (full 1):
 PSYoungGen      total 76288K, used 65536K [0x000000076b400000, 0x0000000774900000, 0x00000007c0000000)
  eden space 65536K, 100% used [0x000000076b400000,0x000000076f400000,0x000000076f400000)
  from space 10752K, 0% used [0x000000076f400000,0x000000076f400000,0x000000076fe80000)
  to   space 10752K, 0% used [0x0000000773e80000,0x0000000773e80000,0x0000000774900000)
 ParOldGen       total 86528K, used 6939K [0x00000006c1c00000, 0x00000006c7080000, 0x000000076b400000)
  object space 86528K, 8% used [0x00000006c1c00000,0x00000006c22c6e90,0x00000006c7080000)
 Metaspace       used 28062K, capacity 28414K, committed 28544K, reserved 1075200K
  class space    used 3608K, capacity 3704K, committed 3712K, reserved 1048576K
Event: 8.743 GC heap after
Heap after GC invocations=5 (full 1):
 PSYoungGen      total 125952K, used 7457K [0x000000076b400000, 0x0000000774600000, 0x00000007c0000000)
  eden space 118272K, 0% used [0x000000076b400000,0x000000076b400000,0x0000000772780000)
  from space 7680K, 97% used [0x0000000773e80000,0x00000007745c86c8,0x0000000774600000)
  to   space 10752K, 0% used [0x0000000773100000,0x0000000773100000,0x0000000773b80000)
 ParOldGen       total 86528K, used 6939K [0x00000006c1c00000, 0x00000006c7080000, 0x000000076b400000)
  object space 86528K, 8% used [0x00000006c1c00000,0x00000006c22c6e90,0x00000006c7080000)
 Metaspace       used 28062K, capacity 28414K, committed 28544K, reserved 1075200K
  class space    used 3608K, capacity 3704K, committed 3712K, reserved 1048576K
}
Event: 159.478 GC heap before
{Heap before GC invocations=6 (full 1):
 PSYoungGen      total 125952K, used 101114K [0x000000076b400000, 0x0000000774600000, 0x00000007c0000000)
  eden space 118272K, 79% used [0x000000076b400000,0x0000000770f76350,0x0000000772780000)
  from space 7680K, 97% used [0x0000000773e80000,0x00000007745c86c8,0x0000000774600000)
  to   space 10752K, 0% used [0x0000000773100000,0x0000000773100000,0x0000000773b80000)
 ParOldGen       total 86528K, used 6939K [0x00000006c1c00000, 0x00000006c7080000, 0x000000076b400000)
  object space 86528K, 8% used [0x00000006c1c00000,0x00000006c22c6e90,0x00000006c7080000)
 Metaspace       used 34739K, capacity 35152K, committed 35416K, reserved 1079296K
  class space    used 4479K, capacity 4617K, committed 4696K, reserved 1048576K
Event: 159.494 GC heap after
Heap after GC invocations=6 (full 1):
 PSYoungGen      total 138752K, used 10726K [0x000000076b400000, 0x0000000779a00000, 0x00000007c0000000)
  eden space 128000K, 0% used [0x000000076b400000,0x000000076b400000,0x0000000773100000)
  from space 10752K, 99% used [0x0000000773100000,0x0000000773b79a60,0x0000000773b80000)
  to   space 13824K, 0% used [0x0000000778c80000,0x0000000778c80000,0x0000000779a00000)
 ParOldGen       total 86528K, used 8828K [0x00000006c1c00000, 0x00000006c7080000, 0x000000076b400000)
  object space 86528K, 10% used [0x00000006c1c00000,0x00000006c249f298,0x00000006c7080000)
 Metaspace       used 34739K, capacity 35152K, committed 35416K, reserved 1079296K
  class space    used 4479K, capacity 4617K, committed 4696K, reserved 1048576K
}
Event: 159.494 GC heap before
{Heap before GC invocations=7 (full 2):
 PSYoungGen      total 138752K, used 10726K [0x000000076b400000, 0x0000000779a00000, 0x00000007c0000000)
  eden space 128000K, 0% used [0x000000076b400000,0x000000076b400000,0x0000000773100000)
  from space 10752K, 99% used [0x0000000773100000,0x0000000773b79a60,0x0000000773b80000)
  to   space 13824K, 0% used [0x0000000778c80000,0x0000000778c80000,0x0000000779a00000)
 ParOldGen       total 86528K, used 8828K [0x00000006c1c00000, 0x00000006c7080000, 0x000000076b400000)
  object space 86528K, 10% used [0x00000006c1c00000,0x00000006c249f298,0x00000006c7080000)
 Metaspace       used 34739K, capacity 35152K, committed 35416K, reserved 1079296K
  class space    used 4479K, capacity 4617K, committed 4696K, reserved 1048576K
Event: 159.620 GC heap after
Heap after GC invocations=7 (full 2):
 PSYoungGen      total 138752K, used 0K [0x000000076b400000, 0x0000000779a00000, 0x00000007c0000000)
  eden space 128000K, 0% used [0x000000076b400000,0x000000076b400000,0x0000000773100000)
  from space 10752K, 0% used [0x0000000773100000,0x0000000773100000,0x0000000773b80000)
  to   space 13824K, 0% used [0x0000000778c80000,0x0000000778c80000,0x0000000779a00000)
 ParOldGen       total 111616K, used 18391K [0x00000006c1c00000, 0x00000006c8900000, 0x000000076b400000)
  object space 111616K, 16% used [0x00000006c1c00000,0x00000006c2df5c50,0x00000006c8900000)
 Metaspace       used 34739K, capacity 35152K, committed 35416K, reserved 1079296K
  class space    used 4479K, capacity 4617K, committed 4696K, reserved 1048576K
}

